This is pdfTeX, Version 3.141592653-2.6-1.40.25 (TeX Live 2023) (preloaded format=pdflatex 2025.10.7)  7 OCT 2025 18:20
entering extended mode
 restricted \write18 enabled.
 %&-line parsing enabled.
**custom-theme.tex
(./custom-theme.tex
LaTeX2e <2022-11-01> patch level 1
L3 programming layer <2023-02-22>
\partNumSizePt=\skip48
\chapterNumSizePt=\skip49


! LaTeX Error: Command \partnamefont undefined.

See the LaTeX manual or LaTeX Companion for explanation.
Type  H <return>  for immediate help.
 ...                                              
                                                  
l.31 \renewcommand{\partnamefont}
                                 {\partSize\partStyle}
? 
! Emergency stop.
 ...                                              
                                                  
l.31 \renewcommand{\partnamefont}
                                 {\partSize\partStyle}
Try typing  <return>  to proceed.
If that doesn't work, type  X <return>  to quit.

 
Here is how much of TeX's memory you used:
 39 strings out of 476034
 826 string characters out of 5792864
 1849388 words of memory out of 6000000
 20593 multiletter control sequences out of 15000+600000
 512287 words of font info for 32 fonts, out of 8000000 for 9000
 1137 hyphenation exceptions out of 8191
 13i,0n,13p,98b,14s stack positions out of 10000i,1000n,20000p,200000b,200000s
!  ==> Fatal error occurred, no output PDF file produced!
